<?xml version="1.0" encoding="UTF-8"?>
<!-- Generated by org.testng.reporters.JUnitReportReporter -->
<testsuite skipped="0" hostname="DESKTOP-VFPC1N5" name="com.training.sanity.tests.RETC_059_PropertyTrash" tests="1" failures="0" timestamp="20 Mar 2019 12:43:45 GMT" time="90.110" errors="0">
  <testcase name="addreply" time="90.110" classname="com.training.sanity.tests.RETC_059_PropertyTrash"/>
</testsuite> <!-- com.training.sanity.tests.RETC_059_PropertyTrash -->
