<?xml version="1.0" encoding="UTF-8"?>
<!-- Generated by org.testng.reporters.JUnitReportReporter -->
<testsuite skipped="0" hostname="DESKTOP-VFPC1N5" name="com.training.sanity.tests.RETC_058_AddReplyComment" tests="1" failures="0" timestamp="22 Mar 2019 11:02:58 GMT" time="65.609" errors="0">
  <testcase name="addreply" time="65.609" classname="com.training.sanity.tests.RETC_058_AddReplyComment"/>
</testsuite> <!-- com.training.sanity.tests.RETC_058_AddReplyComment -->
