<?xml version="1.0" encoding="UTF-8"?>
<!-- Generated by org.testng.reporters.JUnitReportReporter -->
<testsuite skipped="0" hostname="DESKTOP-VFPC1N5" name="com.training.sanity.tests.RETC_057_AddProperty" tests="1" failures="0" timestamp="22 Mar 2019 11:08:49 GMT" time="113.927" errors="0">
  <testcase name="addprop" time="113.927" classname="com.training.sanity.tests.RETC_057_AddProperty"/>
</testsuite> <!-- com.training.sanity.tests.RETC_057_AddProperty -->
