<?xml version="1.0" encoding="UTF-8"?>
<!-- Generated by org.testng.reporters.JUnitReportReporter -->
<testsuite skipped="0" hostname="DESKTOP-VFPC1N5" name="com.training.sanity.tests.RETC_060_AddPropertyWithAllDetails" tests="1" failures="0" timestamp="22 Mar 2019 09:01:43 GMT" time="68.097" errors="0">
  <testcase name="addpropalldet" time="68.097" classname="com.training.sanity.tests.RETC_060_AddPropertyWithAllDetails"/>
</testsuite> <!-- com.training.sanity.tests.RETC_060_AddPropertyWithAllDetails -->
