<?xml version="1.0" encoding="UTF-8"?>
<!-- Generated by org.testng.reporters.JUnitReportReporter -->
<testsuite skipped="0" hostname="DESKTOP-VFPC1N5" name="com.training.sanity.tests.RETC_056_AddPost" tests="1" failures="0" timestamp="22 Mar 2019 11:05:49 GMT" time="115.026" errors="0">
  <testcase name="realestateportal" time="115.026" classname="com.training.sanity.tests.RETC_056_AddPost"/>
</testsuite> <!-- com.training.sanity.tests.RETC_056_AddPost -->
